0 info it worked if it ends with ok
1 verbose cli [ 'C:\\Program Files\\nodejs\\node.exe',
1 verbose cli   'C:\\Program Files\\nodejs\\node_modules\\npm\\bin\\npm-cli.js',
1 verbose cli   'publish' ]
2 info using npm@3.10.10
3 info using node@v6.11.3
4 verbose publish [ '.' ]
5 silly cache add args [ '.', null ]
6 verbose cache add spec .
7 silly cache add parsed spec Result {
7 silly cache add   raw: '.',
7 silly cache add   scope: null,
7 silly cache add   escapedName: null,
7 silly cache add   name: null,
7 silly cache add   rawSpec: '.',
7 silly cache add   spec: 'D:\\Data\\Repositories\\servicerator',
7 silly cache add   type: 'directory' }
8 verbose addLocalDirectory C:\Users\jcoppieters\AppData\Roaming\npm-cache\servicerator\0.8.0\package.tgz not in flight; packing
9 verbose correctMkdir C:\Users\jcoppieters\AppData\Roaming\npm-cache correctMkdir not in flight; initializing
10 info lifecycle servicerator@0.8.0~prepublish: servicerator@0.8.0
11 silly lifecycle servicerator@0.8.0~prepublish: no script for prepublish, continuing
12 verbose tar pack [ 'C:\\Users\\jcoppieters\\AppData\\Roaming\\npm-cache\\servicerator\\0.8.0\\package.tgz',
12 verbose tar pack   'D:\\Data\\Repositories\\servicerator' ]
13 verbose tarball C:\Users\jcoppieters\AppData\Roaming\npm-cache\servicerator\0.8.0\package.tgz
14 verbose folder D:\Data\Repositories\servicerator
15 verbose addLocalTarball adding from inside cache C:\Users\jcoppieters\AppData\Roaming\npm-cache\servicerator\0.8.0\package.tgz
16 verbose correctMkdir C:\Users\jcoppieters\AppData\Roaming\npm-cache correctMkdir not in flight; initializing
17 silly cache afterAdd servicerator@0.8.0
18 verbose afterAdd C:\Users\jcoppieters\AppData\Roaming\npm-cache\servicerator\0.8.0\package\package.json not in flight; writing
19 verbose correctMkdir C:\Users\jcoppieters\AppData\Roaming\npm-cache correctMkdir not in flight; initializing
20 verbose afterAdd C:\Users\jcoppieters\AppData\Roaming\npm-cache\servicerator\0.8.0\package\package.json written
21 silly publish { name: 'servicerator',
21 silly publish   version: '0.8.0',
21 silly publish   description: 'A tool for creating, deploying and managing services easily',
21 silly publish   bin: { svr: './index.js' },
21 silly publish   main: 'index.js',
21 silly publish   scripts: { test: 'echo "Error: no test specified" && exit 1' },
21 silly publish   repository:
21 silly publish    { type: 'git',
21 silly publish      url: 'git+https://github.com/JorisCoppieters/servicerator.git' },
21 silly publish   author: { name: 'Joris Coppieters' },
21 silly publish   license: 'MIT',
21 silly publish   bugs: { url: 'https://github.com/JorisCoppieters/servicerator/issues' },
21 silly publish   homepage: 'https://github.com/JorisCoppieters/servicerator#readme',
21 silly publish   dependencies:
21 silly publish    { bluebird: '^3.5.0',
21 silly publish      clone: '^2.1.1',
21 silly publish      'color-print': '^1.0.2',
21 silly publish      minimist: '^1.2.0',
21 silly publish      open: '0.0.5',
21 silly publish      querystring: '^0.2.0',
21 silly publish      request: '^2.81.0',
21 silly publish      rimraf: '^2.6.1' },
21 silly publish   readme: '# servicerator\r\n\r\nservicerator is a Node utility for creating/deploying/managing services really quickly\r\n\r\n### Installation\r\n\r\nservicerator requires [Node.js](https://nodejs.org/) v4+ to run.\r\n\r\nThen:\r\n\r\n```sh\r\n$ npm install -g servicerator\r\n```\r\n\r\nTo run it, simply type ```svr``` in your service folder to get information on your service\r\n\r\nRun ```svr init``` to create service.json, which is your configuration file\r\n\r\nRun ```svr help``` to see more options',
21 silly publish   readmeFilename: 'README.md',
21 silly publish   gitHead: 'c8a76978a06ecc9d6f7ca6ac92c1f57270973cc2',
21 silly publish   _id: 'servicerator@0.8.0',
21 silly publish   _shasum: '05ba0aff53c3d7aef84b9c52bdc9be74567ef317',
21 silly publish   _from: '.' }
22 verbose getPublishConfig undefined
23 silly mapToRegistry name servicerator
24 silly mapToRegistry using default registry
25 silly mapToRegistry registry https://registry.npmjs.org/
26 silly mapToRegistry data Result {
26 silly mapToRegistry   raw: 'servicerator',
26 silly mapToRegistry   scope: null,
26 silly mapToRegistry   escapedName: 'servicerator',
26 silly mapToRegistry   name: 'servicerator',
26 silly mapToRegistry   rawSpec: '',
26 silly mapToRegistry   spec: 'latest',
26 silly mapToRegistry   type: 'tag' }
27 silly mapToRegistry uri https://registry.npmjs.org/servicerator
28 verbose publish registryBase https://registry.npmjs.org/
29 silly publish uploading C:\Users\jcoppieters\AppData\Roaming\npm-cache\servicerator\0.8.0\package.tgz
30 verbose stack Error: auth required for publishing
30 verbose stack     at CachingRegistryClient.publish (C:\Program Files\nodejs\node_modules\npm\node_modules\npm-registry-client\lib\publish.js:30:14)
30 verbose stack     at C:\Program Files\nodejs\node_modules\npm\lib\publish.js:138:14
30 verbose stack     at mapToRegistry (C:\Program Files\nodejs\node_modules\npm\lib\utils\map-to-registry.js:62:3)
30 verbose stack     at publish_ (C:\Program Files\nodejs\node_modules\npm\lib\publish.js:107:3)
30 verbose stack     at Array.<anonymous> (C:\Program Files\nodejs\node_modules\npm\node_modules\slide\lib\bind-actor.js:15:8)
30 verbose stack     at LOOP (C:\Program Files\nodejs\node_modules\npm\node_modules\slide\lib\chain.js:15:14)
30 verbose stack     at LOOP (C:\Program Files\nodejs\node_modules\npm\node_modules\slide\lib\chain.js:14:28)
30 verbose stack     at chain (C:\Program Files\nodejs\node_modules\npm\node_modules\slide\lib\chain.js:20:5)
30 verbose stack     at C:\Program Files\nodejs\node_modules\npm\lib\publish.js:73:5
30 verbose stack     at RES (C:\Program Files\nodejs\node_modules\npm\node_modules\inflight\inflight.js:23:14)
31 verbose cwd D:\Data\Repositories\servicerator
32 error Windows_NT 10.0.10586
33 error argv "C:\\Program Files\\nodejs\\node.exe" "C:\\Program Files\\nodejs\\node_modules\\npm\\bin\\npm-cli.js" "publish"
34 error node v6.11.3
35 error npm  v3.10.10
36 error code ENEEDAUTH
37 error need auth auth required for publishing
38 error need auth You need to authorize this machine using `npm adduser`
39 verbose exit [ 1, true ]
